# JRE version: OpenJDK Runtime Environment (13.0+33) (build 13+33)
# Java VM: OpenJDK 64-Bit Server VM (13+33, mixed mode, sharing, tiered, compressed oops, g1 gc, windows-amd64)
Heap:
 garbage-first heap   total 191488K, used 27989K [0x0000000086000000, 0x0000000100000000)
  region size 1024K, 5 young (5120K), 5 survivors (5120K)
 Metaspace       used 52672K, capacity 54656K, committed 54784K, reserved 1095680K
  class space    used 7419K, capacity 8165K, committed 8192K, reserved 1048576K
GC Heap History (20 events):
Event: 133.256 GC heap after
{Heap after GC invocations=35 (full 1):
 garbage-first heap   total 75776K, used 23473K [0x0000000086000000, 0x0000000100000000)
  region size 1024K, 3 young (3072K), 3 survivors (3072K)
 Metaspace       used 52201K, capacity 54033K, committed 54272K, reserved 1095680K
  class space    used 7359K, capacity 8075K, committed 8192K, reserved 1048576K
}
Event: 133.283 GC heap before
{Heap before GC invocations=35 (full 1):
 garbage-first heap   total 75776K, used 62385K [0x0000000086000000, 0x0000000100000000)
  region size 1024K, 41 young (41984K), 3 survivors (3072K)
 Metaspace       used 52201K, capacity 54033K, committed 54272K, reserved 1095680K
  class space    used 7359K, capacity 8075K, committed 8192K, reserved 1048576K
}
Event: 133.285 GC heap after
{Heap after GC invocations=36 (full 1):
 garbage-first heap   total 75776K, used 23615K [0x0000000086000000, 0x0000000100000000)
  region size 1024K, 3 young (3072K), 3 survivors (3072K)
 Metaspace       used 52201K, capacity 54033K, committed 54272K, reserved 1095680K
  class space    used 7359K, capacity 8075K, committed 8192K, reserved 1048576K
}
Event: 133.323 GC heap before
{Heap before GC invocations=36 (full 1):
 garbage-first heap   total 75776K, used 62527K [0x0000000086000000, 0x0000000100000000)
  region size 1024K, 41 young (41984K), 3 survivors (3072K)
 Metaspace       used 52201K, capacity 54033K, committed 54272K, reserved 1095680K
  class space    used 7359K, capacity 8075K, committed 8192K, reserved 1048576K
}
Event: 133.325 GC heap after
{Heap after GC invocations=37 (full 1):
 garbage-first heap   total 75776K, used 23620K [0x0000000086000000, 0x0000000100000000)
  region size 1024K, 3 young (3072K), 3 survivors (3072K)
 Metaspace       used 52201K, capacity 54033K, committed 54272K, reserved 1095680K
  class space    used 7359K, capacity 8075K, committed 8192K, reserved 1048576K
}
Event: 133.356 GC heap before
{Heap before GC invocations=37 (full 1):
 garbage-first heap   total 75776K, used 62532K [0x0000000086000000, 0x0000000100000000)
  region size 1024K, 41 young (41984K), 3 survivors (3072K)
 Metaspace       used 52201K, capacity 54033K, committed 54272K, reserved 1095680K
  class space    used 7359K, capacity 8075K, committed 8192K, reserved 1048576K
}
Event: 133.359 GC heap after
{Heap after GC invocations=38 (full 1):
 garbage-first heap   total 75776K, used 23625K [0x0000000086000000, 0x0000000100000000)
  region size 1024K, 3 young (3072K), 3 survivors (3072K)
 Metaspace       used 52201K, capacity 54033K, committed 54272K, reserved 1095680K
  class space    used 7359K, capacity 8075K, committed 8192K, reserved 1048576K
}
Event: 133.395 GC heap before
{Heap before GC invocations=38 (full 1):
 garbage-first heap   total 75776K, used 62537K [0x0000000086000000, 0x0000000100000000)
  region size 1024K, 41 young (41984K), 3 survivors (3072K)
 Metaspace       used 52201K, capacity 54033K, committed 54272K, reserved 1095680K
  class space    used 7359K, capacity 8075K, committed 8192K, reserved 1048576K
}
Event: 133.397 GC heap after
{Heap after GC invocations=39 (full 1):
 garbage-first heap   total 75776K, used 23632K [0x0000000086000000, 0x0000000100000000)
  region size 1024K, 3 young (3072K), 3 survivors (3072K)
 Metaspace       used 52201K, capacity 54033K, committed 54272K, reserved 1095680K
  class space    used 7359K, capacity 8075K, committed 8192K, reserved 1048576K
}
Event: 133.432 GC heap before
{Heap before GC invocations=39 (full 1):
 garbage-first heap   total 75776K, used 62544K [0x0000000086000000, 0x0000000100000000)
  region size 1024K, 41 young (41984K), 3 survivors (3072K)
 Metaspace       used 52201K, capacity 54033K, committed 54272K, reserved 1095680K
  class space    used 7359K, capacity 8075K, committed 8192K, reserved 1048576K
}
Event: 133.435 GC heap after
{Heap after GC invocations=40 (full 1):
 garbage-first heap   total 75776K, used 23637K [0x0000000086000000, 0x0000000100000000)
  region size 1024K, 3 young (3072K), 3 survivors (3072K)
 Metaspace       used 52201K, capacity 54033K, committed 54272K, reserved 1095680K
  class space    used 7359K, capacity 8075K, committed 8192K, reserved 1048576K
}
Event: 133.476 GC heap before
{Heap before GC invocations=40 (full 1):
 garbage-first heap   total 75776K, used 62549K [0x0000000086000000, 0x0000000100000000)
  region size 1024K, 41 young (41984K), 3 survivors (3072K)
 Metaspace       used 52201K, capacity 54033K, committed 54272K, reserved 1095680K
  class space    used 7359K, capacity 8075K, committed 8192K, reserved 1048576K
}
Event: 133.479 GC heap after
{Heap after GC invocations=41 (full 1):
 garbage-first heap   total 119808K, used 23790K [0x0000000086000000, 0x0000000100000000)
  region size 1024K, 3 young (3072K), 3 survivors (3072K)
 Metaspace       used 52201K, capacity 54033K, committed 54272K, reserved 1095680K
  class space    used 7359K, capacity 8075K, committed 8192K, reserved 1048576K
}
Event: 133.779 GC heap before
{Heap before GC invocations=41 (full 1):
 garbage-first heap   total 119808K, used 92398K [0x0000000086000000, 0x0000000100000000)
  region size 1024K, 70 young (71680K), 3 survivors (3072K)
 Metaspace       used 52280K, capacity 54150K, committed 54272K, reserved 1095680K
  class space    used 7377K, capacity 8114K, committed 8192K, reserved 1048576K
}
Event: 133.782 GC heap after
{Heap after GC invocations=42 (full 1):
 garbage-first heap   total 119808K, used 25318K [0x0000000086000000, 0x0000000100000000)
  region size 1024K, 4 young (4096K), 4 survivors (4096K)
 Metaspace       used 52280K, capacity 54150K, committed 54272K, reserved 1095680K
  class space    used 7377K, capacity 8114K, committed 8192K, reserved 1048576K
}
Event: 133.967 GC heap before
{Heap before GC invocations=42 (full 1):
 garbage-first heap   total 119808K, used 92902K [0x0000000086000000, 0x0000000100000000)
  region size 1024K, 70 young (71680K), 4 survivors (4096K)
 Metaspace       used 52280K, capacity 54150K, committed 54272K, reserved 1095680K
  class space    used 7377K, capacity 8114K, committed 8192K, reserved 1048576K
}
Event: 133.971 GC heap after
{Heap after GC invocations=43 (full 1):
 garbage-first heap   total 119808K, used 25896K [0x0000000086000000, 0x0000000100000000)
  region size 1024K, 5 young (5120K), 5 survivors (5120K)
 Metaspace       used 52280K, capacity 54150K, committed 54272K, reserved 1095680K
  class space    used 7377K, capacity 8114K, committed 8192K, reserved 1048576K
}
Event: 134.149 GC heap before
{Heap before GC invocations=43 (full 1):
 garbage-first heap   total 119808K, used 91432K [0x0000000086000000, 0x0000000100000000)
  region size 1024K, 70 young (71680K), 5 survivors (5120K)
 Metaspace       used 52410K, capacity 54314K, committed 54528K, reserved 1095680K
  class space    used 7393K, capacity 8121K, committed 8192K, reserved 1048576K
}
Event: 134.152 GC heap after
{Heap after GC invocations=44 (full 1):
 garbage-first heap   total 119808K, used 26044K [0x0000000086000000, 0x0000000100000000)
  region size 1024K, 4 young (4096K), 4 survivors (4096K)
 Metaspace       used 52410K, capacity 54314K, committed 54528K, reserved 1095680K
  class space    used 7393K, capacity 8121K, committed 8192K, reserved 1048576K
}
Event: 135.357 GC heap before
{Heap before GC invocations=44 (full 1):
 garbage-first heap   total 119808K, used 92604K [0x0000000086000000, 0x0000000100000000)
  region size 1024K, 70 young (71680K), 4 survivors (4096K)
 Metaspace       used 52672K, capacity 54656K, committed 54784K, reserved 1095680K
  class space    used 7419K, capacity 8165K, committed 8192K, reserved 1048576K
}

