# JRE version: OpenJDK Runtime Environment (13.0+33) (build 13+33)
# Java VM: OpenJDK 64-Bit Server VM (13+33, mixed mode, tiered, compressed oops, g1 gc, windows-amd64)
Heap:
 garbage-first heap   total 96256K, used 11511K [0x0000000086000000, 0x0000000100000000)
  region size 1024K, 3 young (3072K), 3 survivors (3072K)
 Metaspace       used 26254K, capacity 26952K, committed 27260K, reserved 1079296K
  class space    used 3103K, capacity 3352K, committed 3456K, reserved 1048576K
GC Heap History (20 events):
Event: 1.955 GC heap after
{Heap after GC invocations=11 (full 0):
 garbage-first heap   total 20480K, used 7275K [0x0000000086000000, 0x0000000100000000)
  region size 1024K, 1 young (1024K), 1 survivors (1024K)
 Metaspace       used 15134K, capacity 15453K, committed 15616K, reserved 1069056K
  class space    used 1597K, capacity 1712K, committed 1792K, reserved 1048576K
}
Event: 1.956 GC heap before
{Heap before GC invocations=11 (full 0):
 garbage-first heap   total 20480K, used 12395K [0x0000000086000000, 0x0000000100000000)
  region size 1024K, 7 young (7168K), 1 survivors (1024K)
 Metaspace       used 15134K, capacity 15453K, committed 15616K, reserved 1069056K
  class space    used 1597K, capacity 1712K, committed 1792K, reserved 1048576K
}
Event: 1.957 GC heap after
{Heap after GC invocations=12 (full 0):
 garbage-first heap   total 20480K, used 7270K [0x0000000086000000, 0x0000000100000000)
  region size 1024K, 1 young (1024K), 1 survivors (1024K)
 Metaspace       used 15134K, capacity 15453K, committed 15616K, reserved 1069056K
  class space    used 1597K, capacity 1712K, committed 1792K, reserved 1048576K
}
Event: 1.970 GC heap before
{Heap before GC invocations=12 (full 0):
 garbage-first heap   total 20480K, used 12390K [0x0000000086000000, 0x0000000100000000)
  region size 1024K, 7 young (7168K), 1 survivors (1024K)
 Metaspace       used 15135K, capacity 15453K, committed 15616K, reserved 1069056K
  class space    used 1597K, capacity 1712K, committed 1792K, reserved 1048576K
}
Event: 1.972 GC heap after
{Heap after GC invocations=13 (full 0):
 garbage-first heap   total 72704K, used 7141K [0x0000000086000000, 0x0000000100000000)
  region size 1024K, 1 young (1024K), 1 survivors (1024K)
 Metaspace       used 15135K, capacity 15453K, committed 15616K, reserved 1069056K
  class space    used 1597K, capacity 1712K, committed 1792K, reserved 1048576K
}
Event: 2.377 GC heap before
{Heap before GC invocations=13 (full 0):
 garbage-first heap   total 72704K, used 42981K [0x0000000086000000, 0x0000000100000000)
  region size 1024K, 36 young (36864K), 1 survivors (1024K)
 Metaspace       used 20944K, capacity 21524K, committed 21628K, reserved 1075200K
  class space    used 2423K, capacity 2651K, committed 2688K, reserved 1048576K
}
Event: 2.381 GC heap after
{Heap after GC invocations=14 (full 0):
 garbage-first heap   total 72704K, used 8985K [0x0000000086000000, 0x0000000100000000)
  region size 1024K, 3 young (3072K), 3 survivors (3072K)
 Metaspace       used 20944K, capacity 21524K, committed 21628K, reserved 1075200K
  class space    used 2423K, capacity 2651K, committed 2688K, reserved 1048576K
}
Event: 2.382 GC heap before
{Heap before GC invocations=14 (full 0):
 garbage-first heap   total 72704K, used 8985K [0x0000000086000000, 0x0000000100000000)
  region size 1024K, 4 young (4096K), 3 survivors (3072K)
 Metaspace       used 20965K, capacity 21524K, committed 21628K, reserved 1075200K
  class space    used 2424K, capacity 2651K, committed 2688K, reserved 1048576K
}
Event: 2.385 GC heap after
{Heap after GC invocations=15 (full 0):
 garbage-first heap   total 72704K, used 9060K [0x0000000086000000, 0x0000000100000000)
  region size 1024K, 3 young (3072K), 3 survivors (3072K)
 Metaspace       used 20965K, capacity 21524K, committed 21628K, reserved 1075200K
  class space    used 2424K, capacity 2651K, committed 2688K, reserved 1048576K
}
Event: 2.562 GC heap before
{Heap before GC invocations=16 (full 0):
 garbage-first heap   total 45056K, used 42852K [0x0000000086000000, 0x0000000100000000)
  region size 1024K, 36 young (36864K), 3 survivors (3072K)
 Metaspace       used 25533K, capacity 26195K, committed 26364K, reserved 1079296K
  class space    used 2996K, capacity 3248K, committed 3328K, reserved 1048576K
}
Event: 2.565 GC heap after
{Heap after GC invocations=17 (full 0):
 garbage-first heap   total 48128K, used 9766K [0x0000000086000000, 0x0000000100000000)
  region size 1024K, 3 young (3072K), 3 survivors (3072K)
 Metaspace       used 25533K, capacity 26195K, committed 26364K, reserved 1079296K
  class space    used 2996K, capacity 3248K, committed 3328K, reserved 1048576K
}
Event: 2.678 GC heap before
{Heap before GC invocations=17 (full 0):
 garbage-first heap   total 48128K, used 35366K [0x0000000086000000, 0x0000000100000000)
  region size 1024K, 28 young (28672K), 3 survivors (3072K)
 Metaspace       used 26243K, capacity 26952K, committed 27260K, reserved 1079296K
  class space    used 3100K, capacity 3352K, committed 3456K, reserved 1048576K
}
Event: 2.681 GC heap after
{Heap after GC invocations=18 (full 0):
 garbage-first heap   total 76800K, used 10865K [0x0000000086000000, 0x0000000100000000)
  region size 1024K, 2 young (2048K), 2 survivors (2048K)
 Metaspace       used 26243K, capacity 26952K, committed 27260K, reserved 1079296K
  class space    used 3100K, capacity 3352K, committed 3456K, reserved 1048576K
}
Event: 2.834 GC heap before
{Heap before GC invocations=18 (full 0):
 garbage-first heap   total 76800K, used 51825K [0x0000000086000000, 0x0000000100000000)
  region size 1024K, 42 young (43008K), 2 survivors (2048K)
 Metaspace       used 26248K, capacity 26952K, committed 27260K, reserved 1079296K
  class space    used 3101K, capacity 3352K, committed 3456K, reserved 1048576K
}
Event: 2.837 GC heap after
{Heap after GC invocations=19 (full 0):
 garbage-first heap   total 76800K, used 11194K [0x0000000086000000, 0x0000000100000000)
  region size 1024K, 3 young (3072K), 3 survivors (3072K)
 Metaspace       used 26248K, capacity 26952K, committed 27260K, reserved 1079296K
  class space    used 3101K, capacity 3352K, committed 3456K, reserved 1048576K
}
Event: 2.948 GC heap before
{Heap before GC invocations=19 (full 0):
 garbage-first heap   total 76800K, used 52154K [0x0000000086000000, 0x0000000100000000)
  region size 1024K, 43 young (44032K), 3 survivors (3072K)
 Metaspace       used 26254K, capacity 26952K, committed 27260K, reserved 1079296K
  class space    used 3103K, capacity 3352K, committed 3456K, reserved 1048576K
}
Event: 2.950 GC heap after
{Heap after GC invocations=20 (full 0):
 garbage-first heap   total 76800K, used 11433K [0x0000000086000000, 0x0000000100000000)
  region size 1024K, 3 young (3072K), 3 survivors (3072K)
 Metaspace       used 26254K, capacity 26952K, committed 27260K, reserved 1079296K
  class space    used 3103K, capacity 3352K, committed 3456K, reserved 1048576K
}
Event: 2.972 GC heap before
{Heap before GC invocations=20 (full 0):
 garbage-first heap   total 76800K, used 53417K [0x0000000086000000, 0x0000000100000000)
  region size 1024K, 44 young (45056K), 3 survivors (3072K)
 Metaspace       used 26254K, capacity 26952K, committed 27260K, reserved 1079296K
  class space    used 3103K, capacity 3352K, committed 3456K, reserved 1048576K
}
Event: 2.976 GC heap after
{Heap after GC invocations=21 (full 0):
 garbage-first heap   total 76800K, used 11489K [0x0000000086000000, 0x0000000100000000)
  region size 1024K, 3 young (3072K), 3 survivors (3072K)
 Metaspace       used 26254K, capacity 26952K, committed 27260K, reserved 1079296K
  class space    used 3103K, capacity 3352K, committed 3456K, reserved 1048576K
}
Event: 2.998 GC heap before
{Heap before GC invocations=21 (full 0):
 garbage-first heap   total 76800K, used 54497K [0x0000000086000000, 0x0000000100000000)
  region size 1024K, 45 young (46080K), 3 survivors (3072K)
 Metaspace       used 26254K, capacity 26952K, committed 27260K, reserved 1079296K
  class space    used 3103K, capacity 3352K, committed 3456K, reserved 1048576K
}

